0000000000000000 0000000000000401 b __fixedpath
0000000000000000 A __start__
0000000000000000 T _start
0000000000000000 b _TLS_MODULE_BASE_
0000000000000080 t startup
00000000000000b0 t bss_loop
0000000000000104 T __nx_exit
0000000000000114 T __nx_mod0
0000000000000130 T _init
0000000000000180 0000000000000038 T exit
00000000000001c0 0000000000000088 T main
0000000000000248 t deregister_tm_clones
0000000000000278 t register_tm_clones
00000000000002b0 t __do_global_dtors_aux
00000000000002f8 t frame_dummy
0000000000000330 0000000000000074 T titleBase
00000000000003b0 00000000000000f4 T tilesTitle
0000000000000408 0000000000002000 b tmp_buffer.6840
00000000000004b0 0000000000000034 t ipcCloseObjectById
00000000000004f0 0000000000000124 t _appletGetHandle
0000000000000620 00000000000000e0 t _appletGetPerformanceMode.constprop.14
0000000000000700 00000000000000e0 t _appletGetOperationMode.constprop.13
00000000000007e0 00000000000000e0 t _appletGetCurrentFocusState.constprop.15
00000000000008c0 00000000000000ec t _appletReceiveMessage
00000000000009b0 00000000000000cc t _appletAcquireForegroundRights
0000000000000a80 00000000000000d4 t _appletSetPerformanceModeChangedNotification.constprop.17
0000000000000b60 00000000000000d4 t _appletSetOperationModeChangedNotification.constprop.16
0000000000000c40 00000000000000d0 t _appletSetOutOfFocusSuspendingEnabled
0000000000000d10 00000000000000d8 t _appletSetFocusHandlingMode
0000000000000df0 00000000000000e0 t _appletGetAppletResourceUserId.constprop.11
0000000000000ed0 000000000000013c t _appletGetSessionProxy.constprop.10
0000000000001010 0000000000000564 T appletExit
0000000000001580 0000000000000010 T appletGetAppletType
0000000000001590 0000000000000028 T appletHook
00000000000015c0 0000000000000034 T appletUnhook
0000000000001600 0000000000000028 T appletGetAppletResourceUserId
0000000000001630 0000000000000120 T appletNotifyRunning
0000000000001750 000000000000056c T appletInitialize
0000000000001cc0 00000000000000ec T appletCreateManagedDisplayLayer
0000000000001db0 000000000000000c T appletGetOperationMode
0000000000001dc0 0000000000000144 T appletMainLoop
0000000000001f10 0000000000000034 t ipcCloseObjectById
0000000000001f50 0000000000000124 t _hidGetSharedMemoryHandle.constprop.8
0000000000002080 0000000000000134 t _hidCreateAppletResource.constprop.7
00000000000021c0 00000000000001b0 T hidReset
0000000000002370 000000000000000c T hidGetSharedmemAddr
0000000000002380 000000000000006c T hidKeysDown
00000000000023f0 000000000000000c T hidTouchCount
0000000000002400 000000000000049c T hidScanInput
0000000000002408 0000000000002000 b tmp_buffer.6864
00000000000028a0 000000000000010c T hidSetNpadJoyAssignmentModeDual
00000000000029b0 0000000000000128 T hidExit
0000000000002ae0 000000000000010c T hidInitialize
0000000000002bf0 0000000000000034 t ipcCloseObjectById
0000000000002c30 0000000000000124 t _apmGetSession.constprop.4
0000000000002d60 00000000000000f0 T apmExit
0000000000002e50 000000000000008c T apmInitialize
0000000000002ee0 00000000000000cc T apmSetPerformanceConfiguration
0000000000002fb0 0000000000000044 T smAddOverrideHandle
0000000000003000 0000000000000060 T smGetServiceOverride
0000000000003060 0000000000000014 T smHasInitialized
0000000000003080 000000000000005c T smExit
00000000000030e0 0000000000000038 T smEncodeName
0000000000003120 000000000000012c T smGetServiceOriginal
0000000000003250 0000000000000158 T smInitialize
00000000000033b0 0000000000000074 T smGetService
0000000000003430 00000000000000ec T fatalWithType
0000000000003520 0000000000000014 T fatalSimple
0000000000003540 000000000000004c t _gfxCancelBuffer
0000000000003590 0000000000000170 t _gfxDequeueBuffer.part.0
0000000000003700 00000000000004b4 T gfxInitDefault
0000000000003bc0 00000000000000e8 T gfxConfigureCrop
0000000000003cb0 0000000000000014 T gfxConfigureResolution
0000000000003cd0 0000000000000060 t _gfxAutoResolutionAppletHook
0000000000003d30 000000000000011c T gfxConfigureAutoResolution
0000000000003e50 0000000000000174 T gfxExit
0000000000003fd0 000000000000003c T _gfxGraphicBufferInit
0000000000004010 000000000000006c T gfxSwapBuffers
0000000000004080 0000000000000068 T gfxGetFramebuffer
00000000000040f0 000000000000000c T gfxSetMode
0000000000004100 000000000000012c T gfxFlushBuffers
0000000000004230 0000000000000038 t nvmapobjClose.part.0.constprop.3
0000000000004270 00000000000001e8 T nvgfxInitialize
0000000000004460 0000000000000058 T nvgfxExit
00000000000044c0 000000000000004c T nvgfxGetFramebuffer
0000000000004510 0000000000000250 T consoleDrawChar
0000000000004760 000000000000015c T consolePrintChar
00000000000048c0 0000000000000158 t consoleClearLine
0000000000004a20 0000000000000180 t newRow
0000000000004ba0 000000000000016c t consoleCls
0000000000004d10 00000000000000ec T consoleInit
0000000000004e00 0000000000000854 t con_write
0000000000005654 T armDCacheFlush
0000000000005678 t armDCacheFlush_L0
0000000000005690 T svcSetHeapSize
00000000000056a4 T svcUnmapMemory
00000000000056ac T svcQueryMemory
00000000000056c0 T svcExitProcess
00000000000056c8 T svcSleepThread
00000000000056d0 T svcMapSharedMemory
00000000000056d8 T svcUnmapSharedMemory
00000000000056e0 T svcCreateTransferMemory
00000000000056f4 T svcCloseHandle
00000000000056fc T svcResetSignal
0000000000005704 T svcWaitSynchronization
0000000000005718 T svcArbitrateLock
0000000000005720 T svcArbitrateUnlock
0000000000005728 T svcConnectToNamedPort
000000000000573c T svcSendSyncRequest
0000000000005744 T svcBreak
000000000000574c T svcGetInfo
0000000000005760 T svcUnmapTransferMemory
0000000000005770 0000000000000180 t _CacheValues
00000000000058f0 000000000000001c T kernelAbove200
0000000000005910 000000000000001c T kernelAbove300
0000000000005930 0000000000000030 T detectDebugger
0000000000005960 0000000000000014 T shmemLoadRemote
0000000000005980 0000000000000084 T shmemMap
0000000000005a10 0000000000000058 T shmemUnmap
0000000000005a70 0000000000000044 T shmemClose
0000000000005ac0 000000000000004c T rwlockReadLock
0000000000005b10 000000000000004c T rwlockReadUnlock
0000000000005b60 0000000000000008 T rwlockWriteLock
0000000000005b70 0000000000000008 T rwlockWriteUnlock
0000000000005b80 000000000000008c T mutexLock
0000000000005c10 0000000000000030 T mutexUnlock
0000000000005c40 000000000000004c T rmutexLock
0000000000005c90 000000000000001c T rmutexUnlock
0000000000005cb0 000000000000007c t _GetRegionFromInfo.isra.1
0000000000005d30 00000000000000e4 T virtmemSetup
0000000000005e20 000000000000013c T virtmemReserve
0000000000005f60 0000000000000004 T virtmemFree
0000000000005f70 000000000000000c T eventLoadRemote
0000000000005f80 000000000000011c T eventWait
00000000000060a0 0000000000000050 T eventClose
00000000000060f0 0000000000000034 t ipcCloseObjectById
0000000000006130 00000000000000c8 t ipcQueryPointerBufferSize.constprop.10
0000000000006200 000000000000010c t ipcCloneSession.constprop.9
0000000000006310 00000000000000d8 t _nvSetClientPID
00000000000063f0 00000000000000f0 t _nvInitialize.constprop.8
00000000000064e0 0000000000000108 T nvExit
00000000000065f0 0000000000000178 T nvInitialize
0000000000006770 000000000000012c T nvConvertError
00000000000068a0 000000000000012c T nvOpen
00000000000069d0 0000000000000270 T nvIoctl
0000000000006c40 00000000000000dc T nvClose
0000000000006d20 000000000000015c T nvQueryEvent
0000000000006e80 0000000000000034 t ipcCloseObjectById
0000000000006ec0 0000000000000134 t _viGetSession.constprop.7
0000000000007000 00000000000001e4 T viExit
00000000000071f0 0000000000000304 T viInitialize
0000000000007500 000000000000000c T viGetSession_IHOSBinderDriverRelay
0000000000007510 0000000000000140 T viOpenDisplay
0000000000007650 0000000000000104 T viCloseDisplay
0000000000007760 000000000000013c T viGetDisplayVsyncEvent
00000000000078a0 0000000000000104 T viCloseLayer
00000000000079b0 0000000000000320 T viCreateLayer
0000000000007cd0 00000000000000e8 T viSetLayerScalingMode
0000000000007dc0 000000000000005c T nvFenceInit
0000000000007e20 0000000000000098 T nvFenceExit
0000000000007ec0 0000000000000194 T nvFenceWait
0000000000008060 000000000000007c T nvMultiFenceWait
00000000000080e0 0000000000000024 T nvioctlNvhostCtrl_EventSignal
0000000000008110 0000000000000028 T nvioctlNvhostCtrl_EventWaitAsync
0000000000008140 0000000000000024 T nvioctlNvhostCtrl_EventRegister
0000000000008170 0000000000000024 T nvioctlNvhostCtrl_EventUnregister
00000000000081a0 000000000000003c T nvioctlNvmap_Create
00000000000081e0 0000000000000030 T nvioctlNvmap_Alloc
0000000000008210 000000000000003c T nvioctlNvmap_GetId
0000000000008250 00000000000000f0 T bqRequestBuffer
0000000000008340 0000000000000154 T bqDequeueBuffer
00000000000084a0 000000000000009c T bqDetachBuffer
0000000000008540 00000000000000e0 T bqQueueBuffer
0000000000008620 0000000000000090 T bqCancelBuffer
00000000000086b0 00000000000000e4 T bqConnect
00000000000087a0 000000000000009c T bqDisconnect
0000000000008840 00000000000000b4 T bqSetPreallocatedBuffer
0000000000008900 0000000000000248 t _binderTransactParcelAuto
0000000000008b50 00000000000000c8 t ipcQueryPointerBufferSize
0000000000008c20 0000000000000138 t _binderTransactParcel
0000000000008d60 0000000000000014 T binderCreate
0000000000008d80 0000000000000010 T binderTransactParcel
0000000000008d90 0000000000000124 T binderConvertErrorCode
0000000000008ec0 00000000000000e8 T binderAdjustRefcount
0000000000008fb0 0000000000000074 T binderClose
0000000000009030 00000000000000c4 T binderInitSession
0000000000009100 0000000000000144 T binderGetNativeHandle
0000000000009250 0000000000000028 T parcelCreate
0000000000009280 000000000000019c T parcelTransact
0000000000009420 0000000000000088 T parcelWriteData
00000000000094b0 0000000000000098 T parcelReadData
0000000000009550 0000000000000020 T parcelWriteInt32
0000000000009570 0000000000000020 T parcelWriteUInt32
0000000000009590 0000000000000080 T parcelWriteString16
0000000000009610 0000000000000030 T parcelWriteInterfaceToken
0000000000009640 0000000000000024 T parcelReadInt32
0000000000009670 0000000000000068 T parcelReadFlattenedObject
00000000000096e0 0000000000000044 T parcelWriteFlattenedObject
0000000000009730 00000000000000a0 T __nx_dynamic
00000000000097d0 00000000000000d8 W __libnx_initheap
00000000000098b0 0000000000000090 W __appInit
0000000000009940 0000000000000034 W __appExit
0000000000009980 0000000000000028 W __libnx_init
00000000000099b0 0000000000000020 W __libnx_exit
00000000000099d0 00000000000001b0 T envSetup
0000000000009b80 0000000000000020 T envGetMainThreadHandle
0000000000009ba0 000000000000000c T envIsNso
0000000000009bb0 0000000000000014 T envHasHeapOverride
0000000000009bd0 000000000000000c T envGetHeapOverrideAddr
0000000000009be0 000000000000000c T envGetHeapOverrideSize
0000000000009bf0 0000000000000014 T envHasArgv
0000000000009c10 000000000000000c T envGetArgv
0000000000009c20 000000000000000c T envGetExitFuncPtr
0000000000009c30 0000000000000008 t mutexInit
0000000000009c40 000000000000000c t rmutexInit
0000000000009c50 000000000000008c T __libnx_gtod
0000000000009ce0 0000000000000020 T __libnx_clock_settime
0000000000009d00 0000000000000028 T __libnx_nanosleep
0000000000009d30 0000000000000034 t __libnx_get_reent
0000000000009d70 00000000000000d0 T __libnx_clock_gettime
0000000000009e40 0000000000000058 T __libnx_clock_getres
0000000000009ea0 0000000000000054 T __libnx_init_time
0000000000009f00 0000000000000118 T newlibSetup
000000000000a020 0000000000000368 T argvSetup
000000000000a390 0000000000000010 t fsdev_link
000000000000a3a0 0000000000000010 t fsdev_dirreset
000000000000a3b0 0000000000000010 t fsdev_chmod
000000000000a3c0 000000000000001c t error_cmp
000000000000a3e0 0000000000000058 t fsdev_translate_error
000000000000a440 0000000000000040 t fsdev_fsync
000000000000a480 0000000000000060 t fsdev_ftruncate
000000000000a4e0 0000000000000020 t fsdev_dirclose
000000000000a500 000000000000016c t fsdev_dirnext
000000000000a670 000000000000001c t fsdev_close
000000000000a690 0000000000000080 t fsdev_fstat
000000000000a710 00000000000000b0 t fsdev_seek
000000000000a7c0 0000000000000198 t fsdev_read
000000000000a960 00000000000001a0 t fsdev_write
000000000000ab00 0000000000000120 t fsdevFindDevice
000000000000ac20 0000000000000168 t _fsdevMountDevice
000000000000ad90 00000000000001fc t fsdev_getfspath
000000000000af90 0000000000000070 t fsdev_rmdir
000000000000b000 00000000000000d4 t fsdev_statvfs
000000000000b0e0 00000000000000ec t fsdev_diropen
000000000000b1d0 0000000000000070 t fsdev_mkdir
000000000000b240 0000000000000114 t fsdev_rename
000000000000b360 00000000000000e8 t fsdev_chdir
000000000000b450 0000000000000070 t fsdev_unlink
000000000000b4c0 0000000000000168 t fsdev_stat
000000000000b630 0000000000000180 t fsdev_open
000000000000b7b0 00000000000000b8 t _fsdevUnmountDeviceStruct.part.4
000000000000b870 0000000000000010 t fsdev_fchmod
000000000000b880 0000000000000158 T fsdevMountSdmc
000000000000b9e0 0000000000000064 T fsdevUnmountAll
000000000000ba50 000000000000012c T decode_utf8
000000000000bb7c T __aarch64_read_tp
000000000000bb90 00000000000000a8 T tmemCreate
000000000000bc40 0000000000000058 T tmemUnmap
000000000000bca0 0000000000000068 T tmemClose
000000000000bd10 0000000000000034 t ipcCloseObjectById
000000000000bd50 000000000000012c t _timeGetSession
000000000000be80 00000000000001ec T timeExit
000000000000c070 00000000000000d8 T timeInitialize
000000000000c150 0000000000000124 T timeGetCurrentTime
000000000000c280 0000000000000034 t ipcCloseObjectById
000000000000c2c0 0000000000000124 T fsInitialize
000000000000c3f0 000000000000009c T fsExit
000000000000c490 0000000000000134 T fsMountSdcard
000000000000c5d0 00000000000000f4 T fsFsCreateFile
000000000000c6d0 00000000000000f0 T fsFsDeleteFile
000000000000c7c0 00000000000000f0 T fsFsCreateDirectory
000000000000c8b0 00000000000000f0 T fsFsDeleteDirectory
000000000000c9a0 000000000000011c T fsFsRenameFile
000000000000cac0 000000000000011c T fsFsRenameDirectory
000000000000cbe0 0000000000000104 T fsFsGetEntryType
000000000000ccf0 0000000000000154 T fsFsOpenFile
000000000000ce50 000000000000014c T fsFsOpenDirectory
000000000000cfa0 0000000000000104 T fsFsGetFreeSpace
000000000000d0b0 0000000000000104 T fsFsGetTotalSpace
000000000000d1c0 000000000000006c T fsFsClose
000000000000d230 0000000000000108 T fsFileRead
000000000000d340 00000000000000f8 T fsFileWrite
000000000000d440 00000000000000c8 T fsFileFlush
000000000000d510 00000000000000c8 T fsFileSetSize
000000000000d5e0 00000000000000ec T fsFileGetSize
000000000000d6d0 000000000000006c T fsFileClose
000000000000d740 000000000000006c T fsDirClose
000000000000d7b0 0000000000000110 T fsDirRead
000000000000d8c0 00000000000000c4 T nxlinkSetup
000000000000d988 00000000000000b8 T bsearch
000000000000da40 0000000000000014 T __errno
000000000000da58 0000000000000044 T __libc_fini_array
000000000000daa0 000000000000008c T __libc_init_array
000000000000db30 000000000000002c T __locale_mb_cur_max
000000000000db60 0000000000000008 T __locale_ctype_ptr_l
000000000000db68 000000000000002c T __locale_ctype_ptr
000000000000db98 0000000000000030 T memalign
000000000000dbc8 0000000000000198 T _memalign_r
000000000000dd60 000000000000001c T malloc
000000000000dd80 000000000000001c T free
000000000000dda0 0000000000000844 T _malloc_r
000000000000e5e8 00000000000002c8 T __utf8_mbtowc
000000000000e8b0 00000000000000d8 T memchr
000000000000e9c0 000000000000016c T memcpy
000000000000eb40 00000000000001d8 T memset
000000000000ed18 000000000000000c T __malloc_lock
000000000000ed28 000000000000000c T __malloc_unlock
000000000000ed38 000000000000008c T printf
000000000000edc8 000000000000025c T setvbuf
000000000000f028 00000000000000bc T sscanf
000000000000f0e8 0000000000000050 T __sread
000000000000f138 0000000000000008 T __seofread
000000000000f140 000000000000006c T __swrite
000000000000f1b0 0000000000000050 T __sseek
000000000000f200 0000000000000008 T __sclose
000000000000f208 00000000000000dc T strchr
000000000000f300 00000000000000a4 T strcmp
000000000000f3c0 0000000000000140 T strlen
000000000000f500 0000000000000084 T strncat
000000000000f5dc 0000000000000108 T strncmp
000000000000f6e8 00000000000000a8 T strncpy
000000000000f7e4 00000000000000e0 T strnlen
000000000000f8a0 00000000000001d0 t _strtol_l.isra.0
000000000000fa70 0000000000000048 T _strtol_r
000000000000fab8 00000000000001e0 t _strtoul_l.isra.0
000000000000fc98 0000000000000048 T _strtoul_r
000000000000fce0 000000000000005c T strtoul
000000000000fd3c 000000000000005c t get_arg
000000000000fd98 0000000000002f48 T __ssvfscanf_r
0000000000012ce0 000000000000003c T __sprint_r
0000000000012d1c 000000000000076c t get_arg
0000000000013488 0000000000003bfc T _vfprintf_r
0000000000017084 00000000000000ec t __sbprintf
0000000000017170 00000000000000d0 T _wcrtomb_r
0000000000017240 0000000000000010 T _wcsrtombs_r
0000000000017250 00000000000000e4 T __utf8_wctomb
0000000000017338 0000000000000140 T __swsetup_r
0000000000017478 000000000000017c T __call_exitprocs
00000000000175f8 00000000000001a8 t quorem
00000000000177a0 00000000000010dc T _dtoa_r
0000000000018880 0000000000000214 T __sflush_r
0000000000018a98 00000000000000b8 T _fflush_r
0000000000018b50 0000000000000078 t std
0000000000018bc8 000000000000000c T _cleanup_r
0000000000018bd8 000000000000000c T __sfp_lock_acquire
0000000000018be8 000000000000000c T __sfp_lock_release
0000000000018bf8 000000000000000c T __sinit_lock_acquire
0000000000018c08 000000000000000c T __sinit_lock_release
0000000000018c18 0000000000000080 T __sinit
0000000000018c98 0000000000000118 T _malloc_trim_r
0000000000018db0 00000000000002f4 T _free_r
00000000000190a8 00000000000004b8 T __sfvwrite_r
0000000000019560 00000000000000bc T _fwalk_reent
0000000000019620 0000000000000084 T iswspace
00000000000196a8 0000000000000244 t __jp2uc
00000000000198f0 00000000000000d0 T _jp2uc
00000000000199c0 0000000000000008 T __localeconv_l
00000000000199c8 0000000000000028 T _localeconv_r
00000000000199f0 00000000000000a4 T __swhatbuf_r
0000000000019a98 000000000000010c T __smakebuf_r
0000000000019ba8 00000000000000d8 T _mbrtowc_r
0000000000019c80 00000000000000ac T memmove
0000000000019d30 0000000000000090 T _Balloc
0000000000019dc0 000000000000001c T _Bfree
0000000000019de0 00000000000000e8 T __multadd
0000000000019ec8 0000000000000120 T __s2b
0000000000019fe8 000000000000005c T __hi0bits
000000000001a048 00000000000000a0 T __lo0bits
000000000001a0e8 000000000000002c T __i2b
000000000001a118 00000000000001c8 T __multiply
000000000001a2e0 0000000000000104 T __pow5mult
000000000001a3e8 0000000000000134 T __lshift
000000000001a520 0000000000000050 T __mcmp
000000000001a570 000000000000014c T __mdiff
000000000001a6c0 0000000000000068 T __ulp
000000000001a728 0000000000000150 T __b2d
000000000001a878 0000000000000138 T __d2b
000000000001a9b0 00000000000000a0 T __ratio
000000000001aa50 0000000000000068 T __copybits
000000000001aab8 0000000000000084 T __any_on
000000000001ab40 0000000000000030 T realloc
000000000001ab70 000000000000056c T _realloc_r
000000000001b0e0 00000000000000bc T __sccl
000000000001b1a0 000000000000000c T nanf
000000000001b1b0 000000000000007c T frexp
000000000001b230 00000000000000a8 T sprintf
000000000001b2d8 00000000000000c8 T stpncpy
000000000001b3a0 0000000000000054 t sulp
000000000001b3f8 00000000000010f0 T _strtod_l
000000000001c4e8 0000000000000040 T _strtod_r
000000000001c528 00000000000001d0 t _strtoll_l.isra.0
000000000001c6f8 0000000000000048 T _strtoll_r
000000000001c740 00000000000001e0 t _strtoull_l.isra.0
000000000001c920 0000000000000048 T _strtoull_r
000000000001c968 00000000000001c0 T __ssprint_r
000000000001cb28 00000000000000f4 T _sungetc_r
000000000001cc1c 0000000000000070 T __ssrefill_r
000000000001cc8c 00000000000000e0 T _sfread_r
000000000001cd6c 000000000000076c t get_arg
000000000001d4d8 0000000000003b44 T _svfprintf_r
0000000000021020 00000000000000c8 T __submore
00000000000210e8 00000000000001dc T _wcsnrtombs_l
00000000000212c8 0000000000000054 T _wcsnrtombs_r
0000000000021320 0000000000000094 T _calloc_r
00000000000213b8 000000000000015c T _fclose_r
0000000000021518 0000000000000114 t rshift
0000000000021630 00000000000007e8 T __gethex
0000000000021e18 0000000000000048 T __match
0000000000021e60 000000000000022c T __hexnan
0000000000022090 0000000000000008 t null_write
0000000000022098 0000000000000018 T setDefaultDevice
00000000000220b0 00000000000000f8 T FindDevice
00000000000221a8 0000000000000034 T RemoveDevice
00000000000221e0 00000000000000d8 T AddDevice
00000000000222b8 00000000000000a8 T _close_r
0000000000022360 0000000000000080 T _fstat_r
00000000000223e0 0000000000000008 T _isatty_r
00000000000223e8 0000000000000094 T _lseek_r
0000000000022480 00000000000000a4 T _read_r
0000000000022528 0000000000000078 T _sbrk_r
00000000000225a0 00000000000000a4 T _write_r
0000000000022648 0000000000000024 T _exit
0000000000022670 0000000000000234 T _concatenate_path
00000000000228a8 0000000000000178 T chdir
0000000000022a20 0000000000000018 T __libc_lock_acquire
0000000000022a38 0000000000000018 T __libc_lock_release
0000000000022a50 0000000000000018 T __libc_lock_init_recursive
0000000000022a68 0000000000000018 T __libc_lock_acquire_recursive
0000000000022a80 0000000000000018 T __libc_lock_release_recursive
0000000000022a98 0000000000000018 T __libc_lock_close_recursive
0000000000022ab0 000000000000003c T __free_handle
0000000000022af0 0000000000000058 T __release_handle
0000000000022b48 0000000000000020 T __get_handle
0000000000022b68 0000000000000024 T __getreent
0000000000022b90 0000000000000150 t __extenddftf2
0000000000022ce0 0000000000000350 t __trunctfdf2
0000000000023030 0000000000000070 t __sfp_handle_exceptions
00000000000230a0 0000000000000100 T strrchr
00000000000231a0 T _fini
0000000000024160 0000000000000014 r CSWTCH.44
0000000000024238 0000000000000060 r colorTable
0000000000024304 R default_font_bin
0000000000026304 R default_font_bin_end
0000000000026304 R default_font_bin_size
0000000000026348 0000000000000023 r g_bq_InterfaceDescriptor
0000000000026378 0000000000000018 r error_table
00000000000264e0 0000000000000022 r basefix.6415
0000000000026690 0000000000000010 r blanks.6393
00000000000266a0 0000000000000010 r zeroes.6394
00000000000266b0 0000000000000101 R _ctype_
0000000000026808 00000000000000bc r a1
00000000000268c8 00000000000000bc r a2
0000000000026988 000000000000005b r a3
00000000000269e8 0000000000000070 r a6
0000000000026a58 00000000000000a2 r a7
0000000000026b00 0000000000000040 r a8
0000000000026b40 000000000000172a r b02cf
0000000000028270 0000000000001a7c r d02f4
0000000000029cf0 0000000000000028 R __mprec_bigtens
0000000000029d18 00000000000000c8 R __mprec_tens
0000000000029de0 000000000000000c r p05.5161
0000000000029e20 0000000000000014 r fpi.5241
0000000000029e38 0000000000000014 r fpinan.5277
0000000000029e50 0000000000000028 r tinytens
0000000000029e78 000000000000006c R __action_table
0000000000029ee8 0000000000000100 R __chclass
0000000000029fe8 000000000000006c R __state_table
000000000002a1a0 0000000000000010 r blanks.6378
000000000002a1b0 0000000000000010 r zeroes.6379
000000000002a1c0 0000000000000100 R __hexdig
000000000002a2c8 0000000000000003 R DIRECTORY_PARENT
000000000002a2d0 r __EH_FRAME_BEGIN__
000000000002a2d0 R __eh_frame_hdr_end
000000000002a2d0 R __eh_frame_hdr_start
000000000002f17c r __FRAME_END__
000000000002f180 a _DYNAMIC
0000000000032000 t __frame_dummy_init_array_entry
0000000000032000 T __init_array_start
0000000000032000 B __preinit_array_end
0000000000032000 B __preinit_array_start
0000000000032000 D __tdata_lma
0000000000032000 D __tdata_lma_end
0000000000032008 t __do_global_dtors_aux_fini_array_entry
0000000000032008 T __fini_array_start
0000000000032008 T __init_array_end
0000000000032010 T __fini_array_end
0000000000032010 T __got_start__
0000000000032010 a _GLOBAL_OFFSET_TABLE_
00000000000322d0 D __got_end__
00000000000322d0 0000000000000004 D blank
00000000000322d4 0000000000000001 V __nx_applet_auto_notifyrunning
00000000000322d8 0000000000000004 V __nx_applet_type
00000000000322dc 0000000000000004 d g_gfxMode
00000000000322e0 0000000000000054 d g_gfxQueueBufferData
0000000000032338 000000000000016c d g_gfx_BufferInitData
00000000000324a4 0000000000000004 D g_nvgfx_totalframebufs
00000000000324a8 0000000000000001 d firstConsoleInit.6501
00000000000324b0 0000000000000008 D currentConsole
00000000000324b8 0000000000000068 D defaultConsole
0000000000032520 00000000000000e0 d dotab_stdout
0000000000032600 0000000000000004 V __nx_nv_transfermem_size
0000000000032604 0000000000000004 V __nx_vi_stray_layer_flags
0000000000032608 0000000000000004 d g_viServiceType
000000000003260c 0000000000000004 d g_ctrl_fd
0000000000032610 0000000000000004 V __nx_time_type
0000000000032618 0000000000000401 d __cwd
0000000000032a1c 0000000000000004 d fsdev_fsdevice_cwd
0000000000032a20 0000000000000004 d fsdev_fsdevice_default
0000000000032a28 00000000000000e0 d fsdev_devoptab
0000000000032b08 0000000000000008 D _impure_ptr
0000000000032b10 0000000000000768 d impure_data
0000000000033278 0000000000000008 D _global_impure_ptr
0000000000033280 00000000000001a8 D __global_locale
0000000000033428 0000000000000008 D __malloc_sbrk_base
0000000000033430 0000000000000008 D __malloc_trim_threshold
0000000000033438 0000000000000810 D __malloc_av_
0000000000033c48 0000000000000004 d defaultDevice
0000000000033c50 0000000000000080 D devoptab_list
0000000000033cd0 00000000000000e0 D dotab_stdnull
0000000000033db0 0000000000000400 d _current_working_directory
00000000000341b0 0000000000000010 d __stderr_handle
00000000000341c0 0000000000000010 d __stdin_handle
00000000000341d0 0000000000000010 d __stdout_handle
00000000000341e0 0000000000002000 d handles
00000000000361e0 D __bss_start__
00000000000361e0 D __TMC_END__
00000000000361e0 b completed.7821
00000000000361e8 b object.7826
0000000000036218 0000000000000008 V __nx_applet_PerformanceConfiguration
0000000000036220 0000000000000018 b g_appletFirstHook
0000000000036238 0000000000000001 b g_appletFocusState
0000000000036240 000000000000000c b g_appletIApplicationCreator
0000000000036250 000000000000000c b g_appletIAudioController
0000000000036260 000000000000000c b g_appletICommonStateGetter
0000000000036270 000000000000000c b g_appletIDebugFunctions
0000000000036280 000000000000000c b g_appletIDisplayController
0000000000036290 000000000000000c b g_appletIFunctions
00000000000362a0 000000000000000c b g_appletIGlobalStateController
00000000000362b0 000000000000000c b g_appletILibraryAppletCreator
00000000000362c0 000000000000000c b g_appletILibraryAppletSelfAccessor
00000000000362d0 000000000000000c b g_appletIProcessWindingController
00000000000362e0 000000000000000c b g_appletISelfController
00000000000362f0 000000000000000c b g_appletIWindowController
00000000000362fc 0000000000000004 b g_appletMessageEventHandle
0000000000036300 0000000000000001 b g_appletNotifiedRunning
0000000000036301 0000000000000001 b g_appletOperationMode
0000000000036304 0000000000000004 b g_appletPerformanceMode
0000000000036308 000000000000000c b g_appletProxySession
0000000000036318 0000000000000008 b g_appletResourceUserId
0000000000036320 000000000000000c b g_appletSrv
0000000000036330 0000000000000008 b g_refCnt
0000000000036338 0000000000000050 b g_controllerDown
0000000000036388 00000000000001e0 b g_controllerEntries
0000000000036568 0000000000000190 b g_controllerHeaders
00000000000366f8 0000000000000050 b g_controllerHeld
0000000000036748 0000000000000028 b g_controllerLayout
0000000000036770 0000000000000050 b g_controllerOld
00000000000367c0 0000000000000004 b g_controllerP1AutoID
00000000000367c8 0000000000000050 b g_controllerTimestamps
0000000000036818 0000000000000050 b g_controllerUp
0000000000036868 000000000000000c b g_hidIAppletResource
0000000000036878 0000000000000020 b g_hidLock
0000000000036898 0000000000000020 b g_hidSharedmem
00000000000368b8 000000000000000c b g_hidSrv
00000000000368c8 0000000000000020 b g_keyboardDown
00000000000368e8 0000000000000038 b g_keyboardEntry
0000000000036920 0000000000000020 b g_keyboardHeld
0000000000036940 0000000000000008 b g_keyboardModDown
0000000000036948 0000000000000008 b g_keyboardModHeld
0000000000036950 0000000000000008 b g_keyboardModOld
0000000000036958 0000000000000008 b g_keyboardModUp
0000000000036960 0000000000000020 b g_keyboardOld
0000000000036980 0000000000000008 b g_keyboardTimestamp
0000000000036988 0000000000000020 b g_keyboardUp
00000000000369a8 0000000000000008 b g_mouseDown
00000000000369b0 0000000000000030 b g_mouseEntry
00000000000369e0 0000000000000008 b g_mouseHeld
00000000000369e8 0000000000000008 b g_mouseOld
00000000000369f0 0000000000000008 b g_mouseTimestamp
00000000000369f8 0000000000000008 b g_mouseUp
0000000000036a00 0000000000000008 b g_refCnt
0000000000036a08 0000000000000298 b g_touchEntry
0000000000036ca0 0000000000000008 b g_touchTimestamp
0000000000036ca8 000000000000000c b g_apmISession
0000000000036cb8 000000000000000c b g_apmSrv
0000000000036cc8 0000000000000008 b g_refCnt
0000000000036cd0 0000000000000008 b g_refCnt
0000000000036cd8 0000000000000004 b g_smHandle
0000000000036ce0 0000000000000200 b g_smOverrides
0000000000036ee0 0000000000000008 b g_smOverridesNum
0000000000036ee8 000000000000000c b g_gfxBinderEvent
0000000000036ef8 0000000000000010 b g_gfxBinderSession
0000000000036f08 0000000000000004 b g_gfxCurrentBuffer
0000000000036f0c 0000000000000004 b g_gfxCurrentProducerBuffer
0000000000036f10 0000000000000050 b g_gfxDisplay
0000000000036f60 000000000000000c b g_gfxDisplayVsyncEvent
0000000000036f70 0000000000000008 b g_gfxFramebuf
0000000000036f78 0000000000000004 b g_gfxFramebufHandle
0000000000036f80 0000000000000008 b g_gfxFramebufLinear
0000000000036f88 0000000000000008 b g_gfxFramebufSize
0000000000036f90 0000000000000001 b g_gfxInitialized
0000000000036f98 0000000000000010 b g_gfxLayer
0000000000036fa8 0000000000000010 b g_gfx_Connect_QueueBufferOutput
0000000000036fb8 0000000000000001 b g_gfx_ProducerConnected
0000000000036fbc 0000000000000004 b g_gfx_ProducerSlotsRequested
0000000000036fc0 0000000000000010 b g_gfx_QueueBuffer_QueueBufferOutput
0000000000036fd0 0000000000000018 b g_gfx_autoresolution_applethookcookie
0000000000036fe8 0000000000000004 b g_gfx_autoresolution_docked_height
0000000000036fec 0000000000000004 b g_gfx_autoresolution_docked_width
0000000000036ff0 0000000000000001 b g_gfx_autoresolution_enabled
0000000000036ff4 0000000000000004 b g_gfx_autoresolution_handheld_height
0000000000036ff8 0000000000000004 b g_gfx_autoresolution_handheld_width
0000000000037000 0000000000000008 B g_gfx_framebuf_aligned_height
0000000000037008 0000000000000008 B g_gfx_framebuf_aligned_width
0000000000037010 0000000000000008 B g_gfx_framebuf_display_height
0000000000037018 0000000000000008 B g_gfx_framebuf_display_width
0000000000037020 0000000000000008 B g_gfx_framebuf_height
0000000000037028 0000000000000008 B g_gfx_framebuf_width
0000000000037030 0000000000000008 B g_gfx_singleframebuf_linear_size
0000000000037038 0000000000000008 B g_gfx_singleframebuf_size
0000000000037040 0000000000000001 b g_nvgfxInitialized
0000000000037044 0000000000000004 b g_nvgfx_fd_nvmap
0000000000037048 0000000000000018 b nvmap_fb_obj
0000000000037060 0000000000000001 b g_HasCached
0000000000037061 0000000000000001 b g_IsAbove200
0000000000037062 0000000000000001 b g_IsAbove300
0000000000037063 0000000000000001 b g_IsAbove400
0000000000037064 0000000000000001 b g_IsAbove500
0000000000037065 0000000000000001 b g_IsAbove600
0000000000037068 0000000000000004 b g_Mutex
0000000000037070 0000000000000010 b g_AddressSpace
0000000000037080 0000000000000008 b g_CurrentAddr
0000000000037088 0000000000000030 b g_Region
00000000000370b8 0000000000000004 b g_VirtMemMutex
00000000000370c0 0000000000000008 b g_nvIpcBufferSize
00000000000370c8 000000000000000c b g_nvSrv
00000000000370d8 000000000000000c b g_nvSrvClone
00000000000370e8 0000000000000028 b g_nvTransfermem
0000000000037110 0000000000000008 b g_refCnt
0000000000037118 0000000000000008 V __nx_vi_layer_id
0000000000037120 000000000000000c b g_viIApplicationDisplayService
0000000000037130 000000000000000c b g_viIHOSBinderDriverIndirect
0000000000037140 000000000000000c b g_viIHOSBinderDriverRelay
0000000000037150 000000000000000c b g_viIManagerDisplayService
0000000000037160 000000000000000c b g_viISystemDisplayService
0000000000037170 0000000000000008 b g_NvEventUsedMask
0000000000037178 0000000000000300 b g_NvEvents
0000000000037478 0000000000000008 b g_refCnt
0000000000037480 0000000000000008 V __nx_heap_size
0000000000037488 0000000000000001 b g_isNso
000000000003748c 0000000000000004 b g_lastLoadResult
0000000000037490 0000000000000008 b g_loaderRetAddr
0000000000037498 0000000000000004 b g_mainThreadHandle
00000000000374a0 0000000000000008 b g_nextLoadArgv
00000000000374a8 0000000000000008 b g_nextLoadPath
00000000000374b0 0000000000000008 b g_overrideArgv
00000000000374b8 0000000000000008 b g_overrideHeapAddr
00000000000374c0 0000000000000008 b g_overrideHeapSize
00000000000374c8 0000000000000004 b g_processHandle
00000000000374d0 0000000000000010 b g_syscallHints
00000000000374e0 0000000000000008 b __bootticks
00000000000374e8 0000000000000008 b __boottime
00000000000374f0 0000000000000008 b g_argv_empty
00000000000374f8 0000000000002300 b fsdev_fsdevices
00000000000397f8 0000000000000001 b fsdev_initialised
0000000000039800 0000000000000008 b g_refCnt
0000000000039808 000000000000000c b g_timeLocalSystemClock
0000000000039818 000000000000000c b g_timeNetworkSystemClock
0000000000039828 000000000000000c b g_timeSrv
0000000000039838 000000000000000c b g_timeTimeZoneService
0000000000039848 000000000000000c b g_timeUserSystemClock
0000000000039858 000000000000000c b g_fsSrv
0000000000039868 0000000000000008 b g_refCnt
0000000000039870 0000000000000028 B __malloc_current_mallinfo
0000000000039898 0000000000000008 B __malloc_max_sbrked_mem
00000000000398a0 0000000000000008 B __malloc_max_total_mem
00000000000398a8 0000000000000008 B __malloc_top_pad
00000000000398b0 000000000000000c b __malloc_recursive_mutex
00000000000398c0 000000000000000c B __atexit_recursive_mutex
00000000000398d0 000000000000000c b __sfp_recursive_mutex
00000000000398e0 000000000000000c b __sinit_recursive_mutex
00000000000398f0 0000000000000008 b heap_start.5228
00000000000398f8 0000000000000008 B fake_heap_end
0000000000039900 0000000000000008 B fake_heap_start
0000000000039908 0000000000000400 b temp_cwd
0000000000039d08 0000000000000090 B __syscalls
0000000000039d98 0000000000000004 b __hndl_lock
0000000000039d9c 0000000000000004 B spaceTilesY
0000000000039da0 0000000000000068 B currentCopy
0000000000039e08 0000000000000008 B __stack_top
0000000000039e10 0000000000000008 B __system_argv
0000000000039e18 0000000000000004 B __system_argc
0000000000039e20 0000000000000004 B __nxlink_host
0000000000039e28 B __tls_start
000000000003e230 B __bss_end__
000000000003e230 A __end__
000000000003e230 B __tls_end
000000000003f000 A __argdata__
